<?xml version="1.0" encoding="UTF-8"?>
<!-- Generated by org.testng.reporters.JUnitReportReporter -->
<testsuite skipped="0" hostname="umesh" name="MyFirstProject.ValidateNavigation" tests="1" failures="0" timestamp="2020-08-06T10:41:07 IST" time="0.194" errors="0">
  <testcase name="cantactbtnTest" time="0.194" classname="MyFirstProject.ValidateNavigation"/>
  <system-out/>
</testsuite> <!-- MyFirstProject.ValidateNavigation -->
