<?xml version="1.0" encoding="UTF-8"?>
<!-- Generated by org.testng.reporters.JUnitReportReporter -->
<testsuite skipped="0" hostname="umesh" name="MyFirstProject.HomePage" tests="2" failures="0" timestamp="2020-08-06T10:41:07 IST" time="19.914" errors="0">
  <testcase name="basePageNavigation" time="15.628" classname="MyFirstProject.HomePage"/>
  <system-out/>
  <testcase name="basePageNavigation" time="4.286" classname="MyFirstProject.HomePage"/>
  <system-out/>
</testsuite> <!-- MyFirstProject.HomePage -->
