<?xml version="1.0" encoding="UTF-8"?>
<!-- Generated by org.testng.reporters.JUnitReportReporter -->
<testsuite skipped="0" hostname="umesh" name="MyFirstProject.ValidateTitle" tests="1" failures="0" timestamp="2020-10-19T07:38:57 IST" time="12.532" errors="0">
  <testcase name="courseNameTest" time="12.532" classname="MyFirstProject.ValidateTitle"/>
  <system-out/>
</testsuite> <!-- MyFirstProject.ValidateTitle -->
