<?xml version="1.0" encoding="UTF-8"?>
<!-- Generated by org.testng.reporters.JUnitReportReporter -->
<testsuite skipped="0" hostname="umesh" name="MyFirstProject.ValidateNavigation" tests="1" failures="0" timestamp="2020-10-19T07:19:40 IST" time="0.272" errors="0">
  <testcase name="cantactbtnTest" time="0.272" classname="MyFirstProject.ValidateNavigation"/>
  <system-out/>
</testsuite> <!-- MyFirstProject.ValidateNavigation -->
