<?xml version="1.0" encoding="UTF-8"?>
<!-- Generated by org.testng.reporters.JUnitReportReporter -->
<testsuite skipped="0" hostname="umesh" name="MyFirstProject.HomePage" tests="2" failures="0" timestamp="2020-08-06T19:00:20 IST" time="58.202" errors="0">
  <testcase name="basePageNavigation" time="28.632" classname="MyFirstProject.HomePage"/>
  <system-out/>
  <testcase name="basePageNavigation" time="29.570" classname="MyFirstProject.HomePage"/>
  <system-out/>
</testsuite> <!-- MyFirstProject.HomePage -->
