<?xml version="1.0" encoding="UTF-8"?>
<!-- Generated by org.testng.reporters.JUnitReportReporter -->
<testsuite skipped="0" hostname="umesh" name="MyFirstProject.HomePage" tests="2" failures="0" timestamp="2020-10-19T07:19:40 IST" time="51.195" errors="0">
  <testcase name="basePageNavigation" time="44.584" classname="MyFirstProject.HomePage"/>
  <system-out/>
  <testcase name="basePageNavigation" time="6.611" classname="MyFirstProject.HomePage"/>
  <system-out/>
</testsuite> <!-- MyFirstProject.HomePage -->
