<?xml version="1.0" encoding="UTF-8"?>
<!-- Generated by org.testng.reporters.JUnitReportReporter -->
<testsuite skipped="0" hostname="umesh" name="MyFirstProject.ValidateTitle" tests="1" failures="0" timestamp="2020-08-06T10:41:07 IST" time="27.069" errors="0">
  <testcase name="courseNameTest" time="27.069" classname="MyFirstProject.ValidateTitle"/>
  <system-out/>
</testsuite> <!-- MyFirstProject.ValidateTitle -->
