<?xml version="1.0" encoding="UTF-8"?>
<!-- Generated by org.testng.reporters.JUnitReportReporter -->
<testsuite skipped="0" hostname="umesh" name="MyFirstProject.HomePage" tests="2" failures="0" timestamp="2020-10-19T07:38:57 IST" time="28.478" errors="0">
  <testcase name="basePageNavigation" time="22.250" classname="MyFirstProject.HomePage"/>
  <system-out/>
  <testcase name="basePageNavigation" time="6.228" classname="MyFirstProject.HomePage"/>
  <system-out/>
</testsuite> <!-- MyFirstProject.HomePage -->
