<?xml version="1.0" encoding="UTF-8"?>
<!-- Generated by org.testng.reporters.JUnitReportReporter -->
<testsuite skipped="0" hostname="umesh" name="MyFirstProject.HomePage" tests="2" failures="0" timestamp="2020-07-31T23:16:39 IST" time="46.346" errors="0">
  <testcase name="basePageNavigation" time="9.388" classname="MyFirstProject.HomePage"/>
  <system-out/>
  <testcase name="basePageNavigation" time="36.958" classname="MyFirstProject.HomePage"/>
  <system-out/>
</testsuite> <!-- MyFirstProject.HomePage -->
