<?xml version="1.0" encoding="UTF-8"?>
<!-- Generated by org.testng.reporters.JUnitReportReporter -->
<testsuite skipped="0" hostname="umesh" name="MyFirstProject.ValidateTitle" tests="1" failures="0" timestamp="2020-07-31T23:16:39 IST" time="0.093" errors="0">
  <testcase name="courseNameTest" time="0.093" classname="MyFirstProject.ValidateTitle"/>
  <system-out/>
</testsuite> <!-- MyFirstProject.ValidateTitle -->
